<?xml version="1.0" encoding="UTF-8"?>
<!-- Generated by org.testng.reporters.JUnitReportReporter -->
<testsuite skipped="0" hostname="DESKTOP-R2KE26K" name="com.guru99.tests.LoginPageTests" tests="2" failures="0" timestamp="2020-10-22T00:15:22 IST" time="22.895" errors="0">
  <testcase name="verifyLogin" time="11.873" classname="com.guru99.tests.LoginPageTests"/>
  <system-out/>
  <testcase name="verifyLogin" time="11.022" classname="com.guru99.tests.LoginPageTests"/>
  <system-out/>
</testsuite> <!-- com.guru99.tests.LoginPageTests -->
