<?xml version="1.0" encoding="UTF-8"?>
<!-- Generated by org.testng.reporters.JUnitReportReporter -->
<testsuite skipped="0" hostname="DESKTOP-R2KE26K" name="com.guru99.tests.Demo" tests="1" failures="0" timestamp="2020-10-21T23:43:56 IST" time="33.534" errors="0">
  <testcase name="verifyData" time="33.534" classname="com.guru99.tests.Demo"/>
  <system-out/>
</testsuite> <!-- com.guru99.tests.Demo -->
