<?xml version="1.0" encoding="UTF-8"?>
<!-- Generated by org.testng.reporters.JUnitReportReporter -->
<testsuite hostname="EC2AMAZ-J5GP1U8" failures="0" tests="1" name="com.guru99.tests.LoginPageTests" time="15.364" errors="0" timestamp="2021-01-02T17:33:36 GMT" skipped="0">
  <testcase classname="com.guru99.tests.LoginPageTests" name="verifyLogin" time="15.364"/>
  <system-out/>
</testsuite> <!-- com.guru99.tests.LoginPageTests -->
